<?xml version="1.0" encoding="UTF-8"?>
<!-- Generated by org.testng.reporters.JUnitReportReporter -->
<testsuite hostname="claudios-MacBook-Air.local" name="MTSTools.ac.ic.doc.mtstools.model.operations.impl.MTSPropertyToBuchiConverterTest" tests="1" failures="0" timestamp="28 Sep 2016 13:44:24 GMT" time="0.003" errors="0">
  <testcase name="testBuildProperty" time="0.003" classname="MTSTools.ac.ic.doc.mtstools.model.operations.impl.MTSPropertyToBuchiConverterTest"/>
</testsuite> <!-- MTSTools.ac.ic.doc.mtstools.model.operations.impl.MTSPropertyToBuchiConverterTest -->
