<?xml version="1.0" encoding="UTF-8"?>
<!-- Generated by org.testng.reporters.JUnitReportReporter -->
<testsuite hostname="claudios-MacBook-Air.local" name="MTSATests.ac.ic.doc.distribution.DistributionTest" tests="1" failures="0" timestamp="28 Sep 2016 13:44:24 GMT" time="0.002" errors="0">
  <testcase name="testAlphabetModelEqualsAlphabetDistribution" time="0.002" classname="MTSATests.ac.ic.doc.distribution.DistributionTest"/>
</testsuite> <!-- MTSATests.ac.ic.doc.distribution.DistributionTest -->
