<?xml version="1.0" encoding="UTF-8"?>
<!-- Generated by org.testng.reporters.JUnitReportReporter -->
<testsuite hostname="claudios-MacBook-Air.local" name="MTSATests.parser.testParserLabelTest" tests="1" failures="0" timestamp="28 Sep 2016 13:44:24 GMT" time="0.041" errors="0">
  <testcase name="testPropertyInComposite" time="0.041" classname="MTSATests.parser.testParserLabelTest"/>
</testsuite> <!-- MTSATests.parser.testParserLabelTest -->
