<?xml version="1.0" encoding="UTF-8"?>
<!-- Generated by org.testng.reporters.JUnitReportReporter -->
<testsuite hostname="claudios-MacBook-Air.local" name="MTSSynthesis.ar.dc.uba.model.condition.ZetaFunctionTest" tests="3" failures="0" timestamp="28 Sep 2016 13:44:24 GMT" time="0.005" errors="0">
  <testcase name="testEquals" time="0.001" classname="MTSSynthesis.ar.dc.uba.model.condition.ZetaFunctionTest"/>
  <testcase name="testFluentsEquals" time="0.000" classname="MTSSynthesis.ar.dc.uba.model.condition.ZetaFunctionTest"/>
  <testcase name="testCopy" time="0.004" classname="MTSSynthesis.ar.dc.uba.model.condition.ZetaFunctionTest"/>
</testsuite> <!-- MTSSynthesis.ar.dc.uba.model.condition.ZetaFunctionTest -->
