<?xml version="1.0" encoding="UTF-8"?>
<!-- Generated by org.testng.reporters.JUnitReportReporter -->
<testsuite hostname="claudios-MacBook-Air.local" name="MTSSynthesis.ar.dc.uba.parser.LanguageParserTest" tests="4" failures="0" timestamp="28 Sep 2016 13:44:24 GMT" time="0.001" errors="0">
  <testcase name="testParseSingletonLanguageNonSingletonWord" time="0.001" classname="MTSSynthesis.ar.dc.uba.parser.LanguageParserTest"/>
  <testcase name="testParseSingletonLanguageSingletonWord" time="0.000" classname="MTSSynthesis.ar.dc.uba.parser.LanguageParserTest"/>
  <testcase name="testParseLanguageNonSingletonWord" time="0.000" classname="MTSSynthesis.ar.dc.uba.parser.LanguageParserTest"/>
  <testcase name="testParseLanguageSingletonWord" time="0.000" classname="MTSSynthesis.ar.dc.uba.parser.LanguageParserTest"/>
</testsuite> <!-- MTSSynthesis.ar.dc.uba.parser.LanguageParserTest -->
