<?xml version="1.0" encoding="UTF-8"?>
<!-- Generated by org.testng.reporters.JUnitReportReporter -->
<testsuite hostname="claudios-MacBook-Air.local" name="MTSSynthesis.ar.dc.uba.parser.AlphabetParserTest" tests="2" failures="0" timestamp="28 Sep 2016 13:44:24 GMT" time="0.000" errors="0">
  <testcase name="testParseAlphabet" time="0.000" classname="MTSSynthesis.ar.dc.uba.parser.AlphabetParserTest"/>
  <testcase name="testParseSingletonAlphabet" time="0.000" classname="MTSSynthesis.ar.dc.uba.parser.AlphabetParserTest"/>
</testsuite> <!-- MTSSynthesis.ar.dc.uba.parser.AlphabetParserTest -->
