<?xml version="1.0" encoding="UTF-8"?>
<!-- Generated by org.testng.reporters.JUnitReportReporter -->
<testsuite hostname="claudios-MacBook-Air.local" name="FSP2MTS.ac.ic.doc.mtstools.model.impl.PathBuilderTest" tests="2" failures="0" timestamp="28 Sep 2016 13:44:24 GMT" time="0.027" errors="0">
  <testcase name="testReflexiveSilent" time="0.001" classname="FSP2MTS.ac.ic.doc.mtstools.model.impl.PathBuilderTest"/>
  <testcase name="testAll" time="0.026" classname="FSP2MTS.ac.ic.doc.mtstools.model.impl.PathBuilderTest"/>
</testsuite> <!-- FSP2MTS.ac.ic.doc.mtstools.model.impl.PathBuilderTest -->
