<?xml version="1.0" encoding="UTF-8"?>
<!-- Generated by org.testng.reporters.JUnitReportReporter -->
<testsuite hostname="claudios-MacBook-Air.local" name="MTSATests.ac.ic.doc.mtstools.model.predicates.HasNonDeterministicTransitionsPredicateTest" tests="4" failures="0" timestamp="28 Sep 2016 13:44:24 GMT" time="0.000" errors="0">
  <testcase name="testHasNonDetTransitionsFromState" time="0.000" classname="MTSATests.ac.ic.doc.mtstools.model.predicates.HasNonDeterministicTransitionsPredicateTest"/>
  <testcase name="testOnATrace" time="0.000" classname="MTSATests.ac.ic.doc.mtstools.model.predicates.HasNonDeterministicTransitionsPredicateTest"/>
  <testcase name="testOnDeterministicMTSs" time="0.000" classname="MTSATests.ac.ic.doc.mtstools.model.predicates.HasNonDeterministicTransitionsPredicateTest"/>
  <testcase name="testOnNonDeterministicMTSs" time="0.000" classname="MTSATests.ac.ic.doc.mtstools.model.predicates.HasNonDeterministicTransitionsPredicateTest"/>
</testsuite> <!-- MTSATests.ac.ic.doc.mtstools.model.predicates.HasNonDeterministicTransitionsPredicateTest -->
