<?xml version="1.0" encoding="UTF-8"?>
<!-- Generated by org.testng.reporters.JUnitReportReporter -->
<testsuite hostname="claudios-MacBook-Air.local" name="MTSSynthesis.ar.dc.uba.util.WordUtilsTest" tests="4" failures="0" timestamp="28 Sep 2016 13:44:24 GMT" time="0.001" errors="0">
  <testcase name="testFirsts" time="0.001" classname="MTSSynthesis.ar.dc.uba.util.WordUtilsTest"/>
  <testcase name="testFollows" time="0.000" classname="MTSSynthesis.ar.dc.uba.util.WordUtilsTest"/>
  <testcase name="testSuffixes" time="0.000" classname="MTSSynthesis.ar.dc.uba.util.WordUtilsTest"/>
  <testcase name="testPreffixes" time="0.000" classname="MTSSynthesis.ar.dc.uba.util.WordUtilsTest"/>
</testsuite> <!-- MTSSynthesis.ar.dc.uba.util.WordUtilsTest -->
