<?xml version="1.0" encoding="UTF-8"?>
<!-- Generated by org.testng.reporters.JUnitReportReporter -->
<testsuite hostname="claudios-MacBook-Air.local" name="MTSATests.ac.ic.doc.mtstools.utils.MTSUtilsTest" tests="4" failures="0" timestamp="28 Sep 2016 13:44:24 GMT" time="0.095" errors="0">
  <testcase name="testGetATraceToAParticularState" time="0.004" classname="MTSATests.ac.ic.doc.mtstools.utils.MTSUtilsTest"/>
  <testcase name="testTracesSatisfyPredicateFromGetAllTracesToStateSatisfyingPredicate" time="0.010" classname="MTSATests.ac.ic.doc.mtstools.utils.MTSUtilsTest"/>
  <testcase name="testSizeForGetAllTracesToStateSatisfyingPredicateNonDeterministicStates" time="0.080" classname="MTSATests.ac.ic.doc.mtstools.utils.MTSUtilsTest"/>
  <testcase name="testIsEmpty" time="0.001" classname="MTSATests.ac.ic.doc.mtstools.utils.MTSUtilsTest"/>
</testsuite> <!-- MTSATests.ac.ic.doc.mtstools.utils.MTSUtilsTest -->
