<?xml version="1.0" encoding="UTF-8"?>
<!-- Generated by org.testng.reporters.JUnitReportReporter -->
<testsuite hostname="claudios-MacBook-Air.local" name="FSP2MTS.ac.ic.doc.mtstools.model.impl.MTSMinimiserTest" tests="4" failures="0" timestamp="28 Sep 2016 13:44:24 GMT" time="0.077" errors="0">
  <testcase name="testMinimisaEjemploABSimple" time="0.009" classname="FSP2MTS.ac.ic.doc.mtstools.model.impl.MTSMinimiserTest"/>
  <testcase name="testMinimisaEjemploABCConEstadoFinalMaybe" time="0.011" classname="FSP2MTS.ac.ic.doc.mtstools.model.impl.MTSMinimiserTest"/>
  <testcase name="testMinimisaEjemploLibroModelChecking" time="0.034" classname="FSP2MTS.ac.ic.doc.mtstools.model.impl.MTSMinimiserTest"/>
  <testcase name="testMinimisaEjemploPaper" time="0.023" classname="FSP2MTS.ac.ic.doc.mtstools.model.impl.MTSMinimiserTest"/>
</testsuite> <!-- FSP2MTS.ac.ic.doc.mtstools.model.impl.MTSMinimiserTest -->
