<?xml version="1.0" encoding="UTF-8"?>
<!-- Generated by org.testng.reporters.JUnitReportReporter -->
<testsuite hostname="claudios-MacBook-Air.local" name="MTSATests.controller.NonDetControllerSynthesisTests" tests="6" failures="0" timestamp="28 Sep 2016 13:44:24 GMT" time="0.434" errors="0">
  <testcase name="test2" time="0.073" classname="MTSATests.controller.NonDetControllerSynthesisTests"/>
  <testcase name="test4" time="0.072" classname="MTSATests.controller.NonDetControllerSynthesisTests"/>
  <testcase name="test5" time="0.047" classname="MTSATests.controller.NonDetControllerSynthesisTests"/>
  <testcase name="test6" time="0.047" classname="MTSATests.controller.NonDetControllerSynthesisTests"/>
  <testcase name="test3" time="0.109" classname="MTSATests.controller.NonDetControllerSynthesisTests"/>
  <testcase name="test1" time="0.086" classname="MTSATests.controller.NonDetControllerSynthesisTests"/>
</testsuite> <!-- MTSATests.controller.NonDetControllerSynthesisTests -->
