<?xml version="1.0" encoding="UTF-8"?>
<!-- Generated by org.testng.reporters.JUnitReportReporter -->
<testsuite hostname="claudios-MacBook-Air.local" name="FSP2MTS.ac.ic.doc.mtstools.model.impl.ConsistencyTests" tests="8" failures="0" timestamp="28 Sep 2016 13:44:24 GMT" time="0.369" errors="0">
  <testcase name="testWeakAlphabetConsistencyEmptySilentSet" time="0.120" classname="FSP2MTS.ac.ic.doc.mtstools.model.impl.ConsistencyTests"/>
  <testcase name="testSonConsistentes" time="0.078" classname="FSP2MTS.ac.ic.doc.mtstools.model.impl.ConsistencyTests"/>
  <testcase name="testCounterExampleWeakAlphabetConsistency" time="0.007" classname="FSP2MTS.ac.ic.doc.mtstools.model.impl.ConsistencyTests"/>
  <testcase name="testSonWeakConsistentes" time="0.091" classname="FSP2MTS.ac.ic.doc.mtstools.model.impl.ConsistencyTests"/>
  <testcase name="testConsistentesAlfabetosDistintos" time="0.010" classname="FSP2MTS.ac.ic.doc.mtstools.model.impl.ConsistencyTests"/>
  <testcase name="testConsistentesEjemploSebas" time="0.003" classname="FSP2MTS.ac.ic.doc.mtstools.model.impl.ConsistencyTests"/>
  <testcase name="testConsistentes" time="0.056" classname="FSP2MTS.ac.ic.doc.mtstools.model.impl.ConsistencyTests"/>
  <testcase name="testCounterExampleWeakAlphabetCompleteness" time="0.004" classname="FSP2MTS.ac.ic.doc.mtstools.model.impl.ConsistencyTests"/>
</testsuite> <!-- FSP2MTS.ac.ic.doc.mtstools.model.impl.ConsistencyTests -->
