<?xml version="1.0" encoding="UTF-8"?>
<!-- Generated by org.testng.reporters.JUnitReportReporter -->
<testsuite hostname="claudios-MacBook-Air.local" name="MTSATests.ac.ic.doc.distribution.DistributionAlgorithmTest" tests="5" failures="0" timestamp="28 Sep 2016 13:44:24 GMT" time="0.064" errors="0">
  <testcase name="testSimpleModelNonDetDifferentModalities" time="0.009" classname="MTSATests.ac.ic.doc.distribution.DistributionAlgorithmTest"/>
  <testcase name="testComplexModelDifferentModalities" time="0.002" classname="MTSATests.ac.ic.doc.distribution.DistributionAlgorithmTest"/>
  <testcase name="testDistributionFeedbackOnFullAlphabetPresent" time="0.001" classname="MTSATests.ac.ic.doc.distribution.DistributionAlgorithmTest"/>
  <testcase name="testNonDeterminismFeedback" time="0.020" classname="MTSATests.ac.ic.doc.distribution.DistributionAlgorithmTest"/>
  <testcase name="testDistributionFeedbackOnFullAlphabetNotPresent" time="0.032" classname="MTSATests.ac.ic.doc.distribution.DistributionAlgorithmTest"/>
</testsuite> <!-- MTSATests.ac.ic.doc.distribution.DistributionAlgorithmTest -->
