<?xml version="1.0" encoding="UTF-8"?>
<!-- Generated by org.testng.reporters.JUnitReportReporter -->
<testsuite hostname="claudios-MacBook-Air.local" name="FSP2MTS.ac.ic.doc.mtstools.model.operations.DeadlockManipulatorTest" tests="8" failures="0" timestamp="28 Sep 2016 13:44:24 GMT" time="0.166" errors="0">
  <testcase name="testRemoveTransitionsToDeadlock" time="0.002" classname="FSP2MTS.ac.ic.doc.mtstools.model.operations.DeadlockManipulatorTest"/>
  <testcase name="testSimpleDeadlock" time="0.001" classname="FSP2MTS.ac.ic.doc.mtstools.model.operations.DeadlockManipulatorTest"/>
  <testcase name="testDeadlockEmptyMTS" time="0.081" classname="FSP2MTS.ac.ic.doc.mtstools.model.operations.DeadlockManipulatorTest"/>
  <testcase name="testDeadlockSimpleMTS" time="0.037" classname="FSP2MTS.ac.ic.doc.mtstools.model.operations.DeadlockManipulatorTest"/>
  <testcase name="testDeadLockPathForDeadlockState" time="0.003" classname="FSP2MTS.ac.ic.doc.mtstools.model.operations.DeadlockManipulatorTest"/>
  <testcase name="testComplicatedDeadLockPath" time="0.040" classname="FSP2MTS.ac.ic.doc.mtstools.model.operations.DeadlockManipulatorTest"/>
  <testcase name="testDeadLockPathForOnlyMaybeOutgoing" time="0.001" classname="FSP2MTS.ac.ic.doc.mtstools.model.operations.DeadlockManipulatorTest"/>
  <testcase name="testDeadlockMaybeMTS" time="0.001" classname="FSP2MTS.ac.ic.doc.mtstools.model.operations.DeadlockManipulatorTest"/>
</testsuite> <!-- FSP2MTS.ac.ic.doc.mtstools.model.operations.DeadlockManipulatorTest -->
