<?xml version="1.0" encoding="UTF-8"?>
<!-- Generated by org.testng.reporters.JUnitReportReporter -->
<testsuite hostname="claudios-MacBook-Air.local" name="MTSATests.ac.ic.doc.distribution.ComponentBuilderTest" tests="6" failures="0" timestamp="28 Sep 2016 13:44:24 GMT" time="0.605" errors="0">
  <testcase name="testNonFullProjection" time="0.005" classname="MTSATests.ac.ic.doc.distribution.ComponentBuilderTest"/>
  <testcase name="testSimpleModelFullProjection" time="0.003" classname="MTSATests.ac.ic.doc.distribution.ComponentBuilderTest"/>
  <testcase name="testSimpleModelNonDetDifferentModalitiesWithLoops" time="0.491" classname="MTSATests.ac.ic.doc.distribution.ComponentBuilderTest"/>
  <testcase name="testSimpleModelNonDetDifferentModalities" time="0.072" classname="MTSATests.ac.ic.doc.distribution.ComponentBuilderTest"/>
  <testcase name="testTwoMistmatches" time="0.021" classname="MTSATests.ac.ic.doc.distribution.ComponentBuilderTest"/>
  <testcase name="testSimpleModelNonDetNonFullProjection" time="0.013" classname="MTSATests.ac.ic.doc.distribution.ComponentBuilderTest"/>
</testsuite> <!-- MTSATests.ac.ic.doc.distribution.ComponentBuilderTest -->
