<?xml version="1.0" encoding="UTF-8"?>
<!-- Generated by org.testng.reporters.JUnitReportReporter -->
<testsuite hostname="claudios-MacBook-Air.local" name="MTSATests.controller.PermissiveControllerTests" tests="3" failures="0" timestamp="28 Sep 2016 13:44:24 GMT" time="0.157" errors="0">
  <testcase name="testPermissive2" time="0.058" classname="MTSATests.controller.PermissiveControllerTests"/>
  <testcase name="testPermissive1" time="0.053" classname="MTSATests.controller.PermissiveControllerTests"/>
  <testcase name="testNotPermissive1" time="0.046" classname="MTSATests.controller.PermissiveControllerTests"/>
</testsuite> <!-- MTSATests.controller.PermissiveControllerTests -->
