<?xml version="1.0" encoding="UTF-8"?>
<!-- Generated by org.testng.reporters.JUnitReportReporter -->
<testsuite hostname="claudios-MacBook-Air.local" name="MTSTools.ac.ic.doc.commons.collections.PowerSetTest" tests="3" failures="0" timestamp="28 Sep 2016 13:44:24 GMT" time="0.029" errors="0">
  <testcase name="testSize" time="0.001" classname="MTSTools.ac.ic.doc.commons.collections.PowerSetTest"/>
  <testcase name="testIterator" time="0.025" classname="MTSTools.ac.ic.doc.commons.collections.PowerSetTest"/>
  <testcase name="testContainsObject" time="0.003" classname="MTSTools.ac.ic.doc.commons.collections.PowerSetTest"/>
</testsuite> <!-- MTSTools.ac.ic.doc.commons.collections.PowerSetTest -->
