<?xml version="1.0" encoding="UTF-8"?>
<!-- Generated by org.testng.reporters.JUnitReportReporter -->
<testsuite hostname="claudios-MacBook-Air.local" name="FSP2MTS.ac.ic.doc.mtstools.model.impl.BranchingImplementationNotionTest" tests="9" failures="0" timestamp="28 Sep 2016 13:44:24 GMT" time="0.021" errors="0">
  <testcase name="test1" time="0.009" classname="FSP2MTS.ac.ic.doc.mtstools.model.impl.BranchingImplementationNotionTest"/>
  <testcase name="test4" time="0.001" classname="FSP2MTS.ac.ic.doc.mtstools.model.impl.BranchingImplementationNotionTest"/>
  <testcase name="test6" time="0.001" classname="FSP2MTS.ac.ic.doc.mtstools.model.impl.BranchingImplementationNotionTest"/>
  <testcase name="test7" time="0.001" classname="FSP2MTS.ac.ic.doc.mtstools.model.impl.BranchingImplementationNotionTest"/>
  <testcase name="test8" time="0.002" classname="FSP2MTS.ac.ic.doc.mtstools.model.impl.BranchingImplementationNotionTest"/>
  <testcase name="test2" time="0.002" classname="FSP2MTS.ac.ic.doc.mtstools.model.impl.BranchingImplementationNotionTest"/>
  <testcase name="test3" time="0.002" classname="FSP2MTS.ac.ic.doc.mtstools.model.impl.BranchingImplementationNotionTest"/>
  <testcase name="test9" time="0.001" classname="FSP2MTS.ac.ic.doc.mtstools.model.impl.BranchingImplementationNotionTest"/>
  <testcase name="test5" time="0.002" classname="FSP2MTS.ac.ic.doc.mtstools.model.impl.BranchingImplementationNotionTest"/>
</testsuite> <!-- FSP2MTS.ac.ic.doc.mtstools.model.impl.BranchingImplementationNotionTest -->
