<?xml version="1.0" encoding="UTF-8"?>
<!-- Generated by org.testng.reporters.JUnitReportReporter -->
<testsuite hostname="claudios-MacBook-Air.local" name="FSP2MTS.ac.ic.doc.mtstools.model.impl.PlusCAAndCROperationTest" tests="1" failures="0" timestamp="28 Sep 2016 13:44:24 GMT" time="0.021" errors="0">
  <testcase name="testComponeConError" time="0.021" classname="FSP2MTS.ac.ic.doc.mtstools.model.impl.PlusCAAndCROperationTest"/>
</testsuite> <!-- FSP2MTS.ac.ic.doc.mtstools.model.impl.PlusCAAndCROperationTest -->
