<?xml version="1.0" encoding="UTF-8"?>
<!-- Generated by org.testng.reporters.JUnitReportReporter -->
<testsuite hostname="claudios-MacBook-Air.local" name="FSP2MTS.ac.ic.doc.mtstools.model.impl.MTSRemoveTransitionTests" tests="3" failures="0" timestamp="28 Sep 2016 13:44:24 GMT" time="0.001" errors="0">
  <testcase name="testRemoveOneTransitionWithTwoOrphans" time="0.000" classname="FSP2MTS.ac.ic.doc.mtstools.model.impl.MTSRemoveTransitionTests"/>
  <testcase name="testRemoveOneTransitionWithoutOrphans" time="0.001" classname="FSP2MTS.ac.ic.doc.mtstools.model.impl.MTSRemoveTransitionTests"/>
  <testcase name="testRemoveOneTransitionWithOneOrphan" time="0.000" classname="FSP2MTS.ac.ic.doc.mtstools.model.impl.MTSRemoveTransitionTests"/>
</testsuite> <!-- FSP2MTS.ac.ic.doc.mtstools.model.impl.MTSRemoveTransitionTests -->
