<?xml version="1.0" encoding="UTF-8"?>
<!-- Generated by org.testng.reporters.JUnitReportReporter -->
<testsuite hostname="claudios-MacBook-Air.local" name="FSP2MTS.ac.ic.doc.mtstools.model.impl.MTSComposerTest" tests="1" failures="0" timestamp="28 Sep 2016 13:44:24 GMT" time="0.004" errors="0">
  <testcase name="testCompositionFrom2MTS" time="0.004" classname="FSP2MTS.ac.ic.doc.mtstools.model.impl.MTSComposerTest"/>
</testsuite> <!-- FSP2MTS.ac.ic.doc.mtstools.model.impl.MTSComposerTest -->
