<?xml version="1.0" encoding="UTF-8"?>
<!-- Generated by org.testng.reporters.JUnitReportReporter -->
<testsuite hostname="claudios-MacBook-Air.local" name="MTSSynthesis.ar.dc.uba.model.structure.SynthesisedStateEqualsTest" tests="1" failures="0" timestamp="28 Sep 2016 13:44:24 GMT" time="0.000" errors="0">
  <testcase name="testEmptyWordNoObligations" time="0.000" classname="MTSSynthesis.ar.dc.uba.model.structure.SynthesisedStateEqualsTest"/>
</testsuite> <!-- MTSSynthesis.ar.dc.uba.model.structure.SynthesisedStateEqualsTest -->
