<?xml version="1.0" encoding="UTF-8"?>
<!-- Generated by org.testng.reporters.JUnitReportReporter -->
<testsuite hostname="claudios-MacBook-Air.local" name="MTSSynthesis.ar.dc.uba.model.language.LanguageTest" tests="1" failures="0" timestamp="28 Sep 2016 13:44:24 GMT" time="0.016" errors="0">
  <testcase name="testGetAlphabet" time="0.016" classname="MTSSynthesis.ar.dc.uba.model.language.LanguageTest"/>
</testsuite> <!-- MTSSynthesis.ar.dc.uba.model.language.LanguageTest -->
