<?xml version="1.0" encoding="UTF-8"?>
<!-- Generated by org.testng.reporters.JUnitReportReporter -->
<testsuite hostname="claudios-MacBook-Air.local" name="MTSATests.parser.PropertyTests" tests="3" failures="0" timestamp="28 Sep 2016 13:44:24 GMT" time="0.878" errors="0">
  <testcase name="testPropertyInComposite" time="0.146" classname="MTSATests.parser.PropertyTests"/>
  <testcase name="testPropertyInCompositeWithAlotOfStates" time="0.154" classname="MTSATests.parser.PropertyTests"/>
  <testcase name="testPropertyInCompositeWithOthersOperations" time="0.578" classname="MTSATests.parser.PropertyTests"/>
</testsuite> <!-- MTSATests.parser.PropertyTests -->
