<?xml version="1.0" encoding="UTF-8"?>
<!-- Generated by org.testng.reporters.JUnitReportReporter -->
<testsuite hostname="claudios-MacBook-Air.local" name="MTSATests.mts.TopStatesTests" tests="2" failures="0" timestamp="28 Sep 2016 13:44:24 GMT" time="0.497" errors="0">
  <testcase name="testNoTopStates" time="0.068" classname="MTSATests.mts.TopStatesTests"/>
  <testcase name="testComponeBien" time="0.429" classname="MTSATests.mts.TopStatesTests"/>
</testsuite> <!-- MTSATests.mts.TopStatesTests -->
