<?xml version="1.0" encoding="UTF-8"?>
<!-- Generated by org.testng.reporters.JUnitReportReporter -->
<testsuite hostname="claudios-MacBook-Air.local" name="FSP2MTS.ac.ic.doc.mtstools.model.operations.MergeBuilderTest" tests="6" failures="0" timestamp="28 Sep 2016 13:44:24 GMT" time="0.369" errors="0">
  <testcase name="testMergeC3" time="0.084" classname="FSP2MTS.ac.ic.doc.mtstools.model.operations.MergeBuilderTest"/>
  <testcase name="testMerge0" time="0.077" classname="FSP2MTS.ac.ic.doc.mtstools.model.operations.MergeBuilderTest"/>
  <testcase name="testMergeC2" time="0.034" classname="FSP2MTS.ac.ic.doc.mtstools.model.operations.MergeBuilderTest"/>
  <testcase name="testMergeC5" time="0.091" classname="FSP2MTS.ac.ic.doc.mtstools.model.operations.MergeBuilderTest"/>
  <testcase name="testMerge8" time="0.045" classname="FSP2MTS.ac.ic.doc.mtstools.model.operations.MergeBuilderTest"/>
  <testcase name="testMergeC4" time="0.038" classname="FSP2MTS.ac.ic.doc.mtstools.model.operations.MergeBuilderTest"/>
</testsuite> <!-- FSP2MTS.ac.ic.doc.mtstools.model.operations.MergeBuilderTest -->
