<?xml version="1.0" encoding="UTF-8"?>
<!-- Generated by org.testng.reporters.JUnitReportReporter -->
<testsuite hostname="claudios-MacBook-Air.local" name="FSP2MTS.ac.ic.doc.mtstools.model.impl.MTSDeterminiserTest" tests="2" failures="0" timestamp="28 Sep 2016 13:44:24 GMT" time="0.029" errors="0">
  <testcase name="test2StepsToErrorState" time="0.019" classname="FSP2MTS.ac.ic.doc.mtstools.model.impl.MTSDeterminiserTest"/>
  <testcase name="test3States" time="0.010" classname="FSP2MTS.ac.ic.doc.mtstools.model.impl.MTSDeterminiserTest"/>
</testsuite> <!-- FSP2MTS.ac.ic.doc.mtstools.model.impl.MTSDeterminiserTest -->
