<?xml version="1.0" encoding="UTF-8"?>
<!-- Generated by org.testng.reporters.JUnitReportReporter -->
<testsuite hostname="claudios-MacBook-Air.local" name="MTSSynthesis.controller.game.bgr.BGRGameSolverTest" tests="5" failures="0" timestamp="28 Sep 2016 13:44:24 GMT" time="0.024" errors="0">
  <testcase name="bgrPositiveExample" time="0.010" classname="MTSSynthesis.controller.game.bgr.BGRGameSolverTest"/>
  <testcase name="bgrNegativeExample" time="0.002" classname="MTSSynthesis.controller.game.bgr.BGRGameSolverTest"/>
  <testcase name="bgrEmptyBuchiExample" time="0.008" classname="MTSSynthesis.controller.game.bgr.BGRGameSolverTest"/>
  <testcase name="bgrNoGuaranteeExample" time="0.001" classname="MTSSynthesis.controller.game.bgr.BGRGameSolverTest"/>
  <testcase name="bgrEmptyGRExample" time="0.003" classname="MTSSynthesis.controller.game.bgr.BGRGameSolverTest"/>
</testsuite> <!-- MTSSynthesis.controller.game.bgr.BGRGameSolverTest -->
