<?xml version="1.0" encoding="UTF-8"?>
<!-- Generated by org.testng.reporters.JUnitReportReporter -->
<testsuite hostname="claudios-MacBook-Air.local" name="MTSATests.controller.StarEnvTests" tests="2" failures="0" timestamp="28 Sep 2016 13:44:24 GMT" time="0.080" errors="0">
  <testcase name="testStateWithNoReqs" time="0.054" classname="MTSATests.controller.StarEnvTests"/>
  <testcase name="testSimpleStarredModel" time="0.026" classname="MTSATests.controller.StarEnvTests"/>
</testsuite> <!-- MTSATests.controller.StarEnvTests -->
