<?xml version="1.0" encoding="UTF-8"?>
<!-- Generated by org.testng.reporters.JUnitReportReporter -->
<testsuite hostname="claudios-MacBook-Air.local" name="MTSAEnactment.robot.CommandAcceptedMessageTest" tests="3" failures="0" timestamp="28 Sep 2016 13:44:24 GMT" time="0.002" errors="0">
  <testcase name="testWriteData" time="0.001" classname="MTSAEnactment.robot.CommandAcceptedMessageTest"/>
  <testcase name="testGetAcceptedMid" time="0.001" classname="MTSAEnactment.robot.CommandAcceptedMessageTest"/>
  <testcase name="testGetMessageLength" time="0.000" classname="MTSAEnactment.robot.CommandAcceptedMessageTest"/>
</testsuite> <!-- MTSAEnactment.robot.CommandAcceptedMessageTest -->
