<?xml version="1.0" encoding="UTF-8"?>
<!-- Generated by org.testng.reporters.JUnitReportReporter -->
<testsuite hostname="claudios-MacBook-Air.local" name="MTSSynthesis.ar.dc.uba.model.language.WordTest" tests="12" failures="0" timestamp="28 Sep 2016 13:44:24 GMT" time="0.002" errors="0">
  <testcase name="testStartsWithTrueSigletonWord" time="0.001" classname="MTSSynthesis.ar.dc.uba.model.language.WordTest"/>
  <testcase name="testFirst" time="0.000" classname="MTSSynthesis.ar.dc.uba.model.language.WordTest"/>
  <testcase name="testStartsWithTrue" time="0.000" classname="MTSSynthesis.ar.dc.uba.model.language.WordTest"/>
  <testcase name="testReverseNonEmptyWord" time="0.000" classname="MTSSynthesis.ar.dc.uba.model.language.WordTest"/>
  <testcase name="testStartsWithFalseSingletonWord" time="0.000" classname="MTSSynthesis.ar.dc.uba.model.language.WordTest"/>
  <testcase name="testEmptyWord" time="0.000" classname="MTSSynthesis.ar.dc.uba.model.language.WordTest"/>
  <testcase name="testNotEmptyWord" time="0.000" classname="MTSSynthesis.ar.dc.uba.model.language.WordTest"/>
  <testcase name="testWordLengthComparator" time="0.000" classname="MTSSynthesis.ar.dc.uba.model.language.WordTest"/>
  <testcase name="testTailWord" time="0.001" classname="MTSSynthesis.ar.dc.uba.model.language.WordTest"/>
  <testcase name="testStartsWithEmptyWord" time="0.000" classname="MTSSynthesis.ar.dc.uba.model.language.WordTest"/>
  <testcase name="testStartsWithFalse" time="0.000" classname="MTSSynthesis.ar.dc.uba.model.language.WordTest"/>
  <testcase name="testReverseEmptyWord" time="0.000" classname="MTSSynthesis.ar.dc.uba.model.language.WordTest"/>
</testsuite> <!-- MTSSynthesis.ar.dc.uba.model.language.WordTest -->
