<?xml version="1.0" encoding="UTF-8"?>
<!-- Generated by org.testng.reporters.JUnitReportReporter -->
<testsuite hostname="claudios-MacBook-Air.local" name="MTSATests.ac.ic.doc.mtstools.model.predicates.IsDeterministicMTSPredicateTest" tests="1" failures="0" timestamp="28 Sep 2016 13:44:24 GMT" time="0.001" errors="0">
  <testcase name="testIsDeterministic" time="0.001" classname="MTSATests.ac.ic.doc.mtstools.model.predicates.IsDeterministicMTSPredicateTest"/>
</testsuite> <!-- MTSATests.ac.ic.doc.mtstools.model.predicates.IsDeterministicMTSPredicateTest -->
