<?xml version="1.0" encoding="UTF-8"?>
<!-- Generated by org.testng.reporters.JUnitReportReporter -->
<testsuite hostname="claudios-MacBook-Air.local" name="MTSATests.controller.StrategyStateTests" tests="3" failures="0" timestamp="28 Sep 2016 13:44:24 GMT" time="0.009" errors="0">
  <testcase name="testIntegerStrategyState" time="0.005" classname="MTSATests.controller.StrategyStateTests"/>
  <testcase name="testIntegerStrategyStateHashSet" time="0.003" classname="MTSATests.controller.StrategyStateTests"/>
  <testcase name="testSymetricIntegerStrategyState" time="0.001" classname="MTSATests.controller.StrategyStateTests"/>
</testsuite> <!-- MTSATests.controller.StrategyStateTests -->
