<?xml version="1.0" encoding="UTF-8"?>
<!-- Generated by org.testng.reporters.JUnitReportReporter -->
<testsuite hostname="claudios-MacBook-Air.local" name="MTSATests.controller.MTSControllerSynthesisTests" tests="3" failures="0" timestamp="28 Sep 2016 13:44:24 GMT" time="0.178" errors="0">
  <testcase name="testAll" time="0.110" classname="MTSATests.controller.MTSControllerSynthesisTests"/>
  <testcase name="testNone" time="0.038" classname="MTSATests.controller.MTSControllerSynthesisTests"/>
  <testcase name="testSome" time="0.030" classname="MTSATests.controller.MTSControllerSynthesisTests"/>
</testsuite> <!-- MTSATests.controller.MTSControllerSynthesisTests -->
