<?xml version="1.0" encoding="UTF-8"?>
<!-- Generated by org.testng.reporters.JUnitReportReporter -->
<testsuite hostname="claudios-MacBook-Air.local" name="MTSAEnactment.robot.NXTRobotTest" tests="1" failures="0" timestamp="28 Sep 2016 13:44:24 GMT" time="0.090" errors="0">
  <testcase name="testExecuteCommand" time="0.090" classname="MTSAEnactment.robot.NXTRobotTest"/>
</testsuite> <!-- MTSAEnactment.robot.NXTRobotTest -->
