<?xml version="1.0" encoding="UTF-8"?>
<!-- Generated by org.testng.reporters.JUnitReportReporter -->
<testsuite hostname="claudios-MacBook-Air.local" name="MTSSynthesis.ar.dc.uba.parser.WordParserTest" tests="2" failures="0" timestamp="28 Sep 2016 13:44:24 GMT" time="0.001" errors="0">
  <testcase name="testParseWord" time="0.001" classname="MTSSynthesis.ar.dc.uba.parser.WordParserTest"/>
  <testcase name="testParseSingletonWord" time="0.000" classname="MTSSynthesis.ar.dc.uba.parser.WordParserTest"/>
</testsuite> <!-- MTSSynthesis.ar.dc.uba.parser.WordParserTest -->
