<?xml version="1.0" encoding="UTF-8"?>
<!-- Generated by org.testng.reporters.JUnitReportReporter -->
<testsuite hostname="claudios-MacBook-Air.local" name="MTSTools.ac.ic.doc.commons.relations.UniversalNAryRelationTest" tests="3" failures="0" timestamp="28 Sep 2016 13:44:24 GMT" time="0.005" errors="0">
  <testcase name="testIterator" time="0.004" classname="MTSTools.ac.ic.doc.commons.relations.UniversalNAryRelationTest"/>
  <testcase name="testContainsObject" time="0.001" classname="MTSTools.ac.ic.doc.commons.relations.UniversalNAryRelationTest"/>
  <testcase name="testSize" time="0.000" classname="MTSTools.ac.ic.doc.commons.relations.UniversalNAryRelationTest"/>
</testsuite> <!-- MTSTools.ac.ic.doc.commons.relations.UniversalNAryRelationTest -->
