<?xml version="1.0" encoding="UTF-8"?>
<!-- Generated by org.testng.reporters.JUnitReportReporter -->
<testsuite hostname="claudios-MacBook-Air.local" name="MTSATests.ac.ic.doc.distribution.model.AlphabetDistributionTest" tests="5" failures="0" timestamp="28 Sep 2016 13:44:24 GMT" time="0.006" errors="0">
  <testcase name="testOneAlphabet" time="0.001" classname="MTSATests.ac.ic.doc.distribution.model.AlphabetDistributionTest"/>
  <testcase name="testTwoAlphabetOneEmpty" time="0.001" classname="MTSATests.ac.ic.doc.distribution.model.AlphabetDistributionTest"/>
  <testcase name="testNotEmpty" time="0.001" classname="MTSATests.ac.ic.doc.distribution.model.AlphabetDistributionTest"/>
  <testcase name="testTwoAlphabet" time="0.002" classname="MTSATests.ac.ic.doc.distribution.model.AlphabetDistributionTest"/>
  <testcase name="testAnyAlphabetNotEmpty" time="0.001" classname="MTSATests.ac.ic.doc.distribution.model.AlphabetDistributionTest"/>
</testsuite> <!-- MTSATests.ac.ic.doc.distribution.model.AlphabetDistributionTest -->
