<?xml version="1.0" encoding="UTF-8"?>
<!-- Generated by org.testng.reporters.JUnitReportReporter -->
<testsuite hostname="claudios-MacBook-Air.local" name="MTSSynthesis.ar.dc.uba.parser.SetParserTest" tests="4" failures="0" timestamp="28 Sep 2016 13:44:24 GMT" time="0.000" errors="0">
  <testcase name="testParseEmptySet" time="0.000" classname="MTSSynthesis.ar.dc.uba.parser.SetParserTest"/>
  <testcase name="testParseMultipleElementsSet" time="0.000" classname="MTSSynthesis.ar.dc.uba.parser.SetParserTest"/>
  <testcase name="testParseSingletonSet" time="0.000" classname="MTSSynthesis.ar.dc.uba.parser.SetParserTest"/>
  <testcase name="testParseSet" time="0.000" classname="MTSSynthesis.ar.dc.uba.parser.SetParserTest"/>
</testsuite> <!-- MTSSynthesis.ar.dc.uba.parser.SetParserTest -->
